<?xml version="1.0" encoding="UTF-8"?>
<!-- Generated by org.testng.reporters.JUnitReportReporter -->
<testsuite hostname="DESKTOP-9RJ5S8R" failures="0" tests="2" name="test.TechnodomeTask" time="309.598" errors="0" timestamp="2024-07-14T16:40:53 IST" skipped="0">
  <testcase classname="test.TechnodomeTask" name="getItemTextAndPriceWithoutLogin" time="165.235"/>
  <testcase classname="test.TechnodomeTask" name="getItemTextAndPriceWithLogin" time="144.363"/>
</testsuite> <!-- test.TechnodomeTask -->
